<?xml version="1.0" encoding="UTF-8"?>
<!-- Generated by org.testng.reporters.JUnitXMLReporter -->
<testsuite ignored="0" hostname="DESKTOP-AMMQ47C" failures="1" tests="2" name="chromeTest" time="9.395" errors="0" timestamp="29 Oct 2023 01:00:09 GMT">
  <testcase classname="TestCase.Add_Car_Fuel_Consumption_Tracker_Csvfile_Test" name="Add_Valid_Car_Fuel_Consumption_Tracker" time="3.842"/>
  <testcase classname="TestCase.Delete_Car_Fuel_Consumption_Tracker_Csvfile_Test" name="Add_Valid_Car_Fuel_Consumption_Tracker" time="1.14">
    <failure type="java.lang.ClassCastException" message="class org.openqa.selenium.remote.RemoteWebElement cannot be cast to class java.util.List (org.openqa.selenium.remote.RemoteWebElement is in unnamed module of loader &amp;apos;app&amp;apos;; java.util.List is in module java.base of loader &amp;apos;bootstrap&amp;apos;)">
      <![CDATA[java.lang.ClassCastException: class org.openqa.selenium.remote.RemoteWebElement cannot be cast to class java.util.List (org.openqa.selenium.remote.RemoteWebElement is in unnamed module of loader 'app'; java.util.List is in module java.base of loader 'bootstrap')
at Pages.CarFuelConsumptionTracker.Delete_Car_Fuel_Consumption_Tracker(CarFuelConsumptionTracker.java:44)
at TestCase.Delete_Car_Fuel_Consumption_Tracker_Csvfile_Test.Add_Valid_Car_Fuel_Consumption_Tracker(Delete_Car_Fuel_Consumption_Tracker_Csvfile_Test.java:34)
... Removed 29 stack frames]]>
    </failure>
  </testcase> <!-- Add_Valid_Car_Fuel_Consumption_Tracker -->
</testsuite> <!-- chromeTest -->
